<?xml version="1.0" encoding="UTF-8"?>
<!-- Generated by org.testng.reporters.JUnitXMLReporter -->
<testsuite ignored="0" hostname="HSL-LPT168" failures="0" tests="4" name="Test Scenar 1" time="0.15" errors="0" timestamp="2023-02-26T14:04:32 ACDT">
  <testcase classname="testScenarios.AcquireHomeTest" name="@BeforeTest setup" time="0.072">
    <failure type="java.lang.IllegalStateException" message="The driver executable must exist: C:\Users\hslskl\selenium-workspace\AcquireProject\System.setProperty(&amp;quot;webdriver.chrome.driver&amp;quot;, &amp;quot;C:\Users\hslskl\Downloads\chromedriver_win32\chromedriver.exe&amp;quot;)">
      <![CDATA[java.lang.IllegalStateException: The driver executable must exist: C:\Users\hslskl\selenium-workspace\AcquireProject\System.setProperty("webdriver.chrome.driver", "C:\Users\hslskl\Downloads\chromedriver_win32\chromedriver.exe")
at org.openqa.selenium.internal.Require$FileStateChecker.isFile(Require.java:345)
at org.openqa.selenium.remote.service.DriverService.checkExecutable(DriverService.java:161)
at org.openqa.selenium.remote.service.DriverService.findExecutable(DriverService.java:156)
at org.openqa.selenium.chrome.ChromeDriverService.access$000(ChromeDriverService.java:42)
at org.openqa.selenium.chrome.ChromeDriverService$Builder.findDefaultExecutable(ChromeDriverService.java:315)
at org.openqa.selenium.remote.service.DriverService$Builder.build(DriverService.java:456)
at org.openqa.selenium.chrome.ChromeDriverService.createDefaultService(ChromeDriverService.java:147)
at org.openqa.selenium.chrome.ChromeDriver.<init>(ChromeDriver.java:50)
at testScenarios.AcquireHomeTest.setup(AcquireHomeTest.java:24)
... Removed 24 stack frames]]>
    </failure>
  </testcase> <!-- @BeforeTest setup -->
  <testcase classname="testScenarios.AcquireHomeTest" name="navigate_to_homepage_verify_on_acqire_hyperlink" time="0.0">
    <skipped/>
  </testcase> <!-- navigate_to_homepage_verify_on_acqire_hyperlink -->
  <testcase classname="testScenarios.AcquireHomeTest" name="verify_on_newsroom" time="0.0">
    <skipped/>
  </testcase> <!-- verify_on_newsroom -->
  <testcase classname="testScenarios.AcquireHomeTest" name="verify_on_eventsbookings" time="0.0">
    <skipped/>
  </testcase> <!-- verify_on_eventsbookings -->
  <testcase classname="testScenarios.AcquireHomeTest" name="verify_on_requestsupport" time="0.001">
    <skipped/>
  </testcase> <!-- verify_on_requestsupport -->
</testsuite> <!-- Test Scenar 1 -->
